This is pdfTeX, Version 3.141592653-2.6-1.40.23 (TeX Live 2021) (preloaded format=pdflatex 2022.1.24)  20 JUN 2023 15:06
entering extended mode
 restricted \write18 enabled.
 %&-line parsing enabled.
**main
(./main.tex
LaTeX2e <2021-11-15> patch level 1
L3 programming layer <2022-01-21> (./acmtog.cls
Document Class: acmtog 2012/03/07
(/usr/local/texlive/2021/texmf-dist/tex/latex/base/latexsym.sty
Package: latexsym 1998/08/17 v2.2e Standard LaTeX package (lasy symbols)
\symlasy=\mathgroup4
LaTeX Font Info:    Overwriting symbol font `lasy' in version `bold'
(Font)                  U/lasy/m/n --> U/lasy/b/n on input line 52.
) (./url.sty
\Urlmuskip=\muskip16
Package: url 2006/04/12  ver 3.3  Verb mode for urls, etc.
)
\trimheight=\dimen138
\trimwidth=\dimen139
\typeheight=\dimen140
\typewidth=\dimen141
\normaltextheight=\dimen142
\blindfoliodrop=\dimen143
\tempbox=\box50
\tempdimen=\dimen144
\normaltextheight=\dimen145
\c@secnumbookdepth=\count185
\c@theorem=\count186
\c@strategy=\count187
\c@property=\count188
\c@proposition=\count189
\c@exam=\count190
\c@part=\count191
\c@section=\count192
\c@subsection=\count193
\c@subsubsection=\count194
\c@paragraph=\count195
\c@figure=\count196
\c@table=\count197
\belowcaptionskip=\skip47
\tbbox=\box51
\tabledim=\dimen146
\@narrowfig=\dimen147
\@nfigbox=\box52
\@nfcapbox=\box53
\@abstract=\box54
\@terms=\box55
\@keywords=\box56
\bibindent=\dimen148
LaTeX Info: Redefining \cal on input line 1053.

(/usr/local/texlive/2021/texmf-dist/tex/latex/psnfss/times.sty
Package: times 2020/03/25 PSNFSS-v9.3 (SPQR) 
)
(/usr/local/texlive/2021/texmf-dist/tex/latex/tools/bm.sty
Package: bm 2021/04/25 v1.2e Bold Symbol Support (DPC/FMi)
\symboldoperators=\mathgroup5
\symboldletters=\mathgroup6
\symboldsymbols=\mathgroup7
Package bm Info: No bold for \OMX/cmex/m/n, using \pmb.
\symboldlasy=\mathgroup8
LaTeX Font Info:    Redeclaring math alphabet \mathbf on input line 149.
LaTeX Info: Redefining \bm on input line 218.
)
(/usr/local/texlive/2021/texmf-dist/tex/latex/graphics/graphicx.sty
Package: graphicx 2021/09/16 v1.2d Enhanced LaTeX Graphics (DPC,SPQR)

(/usr/local/texlive/2021/texmf-dist/tex/latex/graphics/keyval.sty
Package: keyval 2014/10/28 v1.15 key=value parser (DPC)
\KV@toks@=\toks16
)
(/usr/local/texlive/2021/texmf-dist/tex/latex/graphics/graphics.sty
Package: graphics 2021/03/04 v1.4d Standard LaTeX Graphics (DPC,SPQR)

(/usr/local/texlive/2021/texmf-dist/tex/latex/graphics/trig.sty
Package: trig 2021/08/11 v1.11 sin cos tan (DPC)
)
(/usr/local/texlive/2021/texmf-dist/tex/latex/graphics-cfg/graphics.cfg
File: graphics.cfg 2016/06/04 v1.11 sample graphics configuration
)
Package graphics Info: Driver file: pdftex.def on input line 107.

(/usr/local/texlive/2021/texmf-dist/tex/latex/graphics-def/pdftex.def
File: pdftex.def 2020/10/05 v1.2a Graphics/color driver for pdftex
))
\Gin@req@height=\dimen149
\Gin@req@width=\dimen150
))
LaTeX Font Info:    Trying to load font information for OT1+ptm on input line 2
9.

(/usr/local/texlive/2021/texmf-dist/tex/latex/psnfss/ot1ptm.fd
File: ot1ptm.fd 2001/06/04 font definitions for OT1/ptm.
)
(/usr/local/texlive/2021/texmf-dist/tex/latex/l3backend/l3backend-pdftex.def
File: l3backend-pdftex.def 2022-01-12 L3 backend support: PDF output (pdfTeX)
\l__color_backend_stack_int=\count198
\l__pdf_internal_box=\box57
)
(./main.aux)
\openout1 = `main.aux'.

LaTeX Font Info:    Checking defaults for OML/cmm/m/it on input line 29.
LaTeX Font Info:    ... okay on input line 29.
LaTeX Font Info:    Checking defaults for OMS/cmsy/m/n on input line 29.
LaTeX Font Info:    ... okay on input line 29.
LaTeX Font Info:    Checking defaults for OT1/cmr/m/n on input line 29.
LaTeX Font Info:    ... okay on input line 29.
LaTeX Font Info:    Checking defaults for T1/cmr/m/n on input line 29.
LaTeX Font Info:    ... okay on input line 29.
LaTeX Font Info:    Checking defaults for TS1/cmr/m/n on input line 29.
LaTeX Font Info:    ... okay on input line 29.
LaTeX Font Info:    Checking defaults for OMX/cmex/m/n on input line 29.
LaTeX Font Info:    ... okay on input line 29.
LaTeX Font Info:    Checking defaults for U/cmr/m/n on input line 29.
LaTeX Font Info:    ... okay on input line 29.
\bibhang=\skip48

(/usr/local/texlive/2021/texmf-dist/tex/context/base/mkii/supp-pdf.mkii
[Loading MPS to PDF converter (version 2006.09.02).]
\scratchcounter=\count199
\scratchdimen=\dimen151
\scratchbox=\box58
\nofMPsegments=\count266
\nofMParguments=\count267
\everyMPshowfont=\toks17
\MPscratchCnt=\count268
\MPscratchDim=\dimen152
\MPnumerator=\count269
\makeMPintoPDFobject=\count270
\everyMPtoPDFconversion=\toks18
) (/usr/local/texlive/2021/texmf-dist/tex/latex/epstopdf-pkg/epstopdf-base.sty
Package: epstopdf-base 2020-01-24 v2.11 Base part for package epstopdf
Package epstopdf-base Info: Redefining graphics rule for `.eps' on input line 4
85.

(/usr/local/texlive/2021/texmf-dist/tex/latex/latexconfig/epstopdf-sys.cfg
File: epstopdf-sys.cfg 2010/07/13 v1.3 Configuration of (r)epstopdf for TeX Liv
e
))
LaTeX Font Info:    Trying to load font information for OT1+phv on input line 4
9.

(/usr/local/texlive/2021/texmf-dist/tex/latex/psnfss/ot1phv.fd
File: ot1phv.fd 2020/03/25 scalable font definitions for OT1/phv.
)
LaTeX Font Info:    External font `cmex10' loaded for size
(Font)              <17.28> on input line 49.
LaTeX Font Info:    External font `cmex10' loaded for size
(Font)              <12> on input line 49.
LaTeX Font Info:    Trying to load font information for U+lasy on input line 49
.

(/usr/local/texlive/2021/texmf-dist/tex/latex/base/ulasy.fd
File: ulasy.fd 1998/08/17 v2.2e LaTeX symbol font definitions
) (./background.tex

LaTeX Warning: Citation `stark2022equibind' on page 1 undefined on input line 6
.

) (./main.bbl
Underfull \vbox (badness 10000) has occurred while \output is active []

) [1{/usr/local/texlive/2021/texmf-var/fonts/map/pdftex/updmap/pdftex.map}
Non-PDF special ignored!
<special> papersize=8.5in,11in


] (./main.aux) ) 
Here is how much of TeX's memory you used:
 1861 strings out of 478287
 28342 string characters out of 5846764
 332205 words of memory out of 5000000
 20058 multiletter control sequences out of 15000+600000
 493167 words of font info for 74 fonts, out of 8000000 for 9000
 1141 hyphenation exceptions out of 8191
 70i,5n,76p,883b,197s stack positions out of 5000i,500n,10000p,200000b,80000s
{/usr/local/texlive/2021/texmf-dist/fonts/enc/dvips/base/8r.enc
}</usr/local/texlive/2021/texmf-dist/fonts/type1/urw/helvetic/uhvr8a.pfb></usr/
local/texlive/2021/texmf-dist/fonts/type1/urw/times/utmb8a.pfb></usr/local/texl
ive/2021/texmf-dist/fonts/type1/urw/times/utmr8a.pfb></usr/local/texlive/2021/t
exmf-dist/fonts/type1/urw/times/utmri8a.pfb>
Output written on main.pdf (1 page, 51419 bytes).
PDF statistics:
 29 PDF objects out of 1000 (max. 8388607)
 17 compressed objects within 1 object stream
 0 named destinations out of 1000 (max. 500000)
 1 words of extra memory for PDF output out of 10000 (max. 10000000)

